/usr/sbin/mysqld, Version: 8.3.0 (MySQL Community Server - GPL). started with:
Tcp port: 3306  Unix socket: /var/run/mysqld/mysqld.sock
Time                 Id Command    Argument
2024-03-26T02:40:34.733625Z	  550 Query	SHOW WARNINGS
2024-03-26T02:40:34.734329Z	  550 Query	SHOW SESSION VARIABLES LIKE 'FOREIGN_KEY_CHECKS'
2024-03-26T02:40:34.735604Z	  550 Query	SHOW TABLES FROM `ct07_db`
2024-03-26T02:40:34.736556Z	  550 Query	SELECT 1 FROM (SELECT `GRANTEE`, `IS_GRANTABLE` FROM `INFORMATION_SCHEMA`.`COLUMN_PRIVILEGES` UNION SELECT `GRANTEE`, `IS_GRANTABLE` FROM `INFORMATION_SCHEMA`.`TABLE_PRIVILEGES` UNION SELECT `GRANTEE`, `IS_GRANTABLE` FROM `INFORMATION_SCHEMA`.`SCHEMA_PRIVILEGES` UNION SELECT `GRANTEE`, `IS_GRANTABLE` FROM `INFORMATION_SCHEMA`.`USER_PRIVILEGES`) t WHERE `IS_GRANTABLE` = 'YES' AND '''root''@''%''' LIKE `GRANTEE` LIMIT 1
2024-03-26T02:40:34.737091Z	  550 Query	SELECT `PRIVILEGE_TYPE` FROM `INFORMATION_SCHEMA`.`USER_PRIVILEGES` WHERE GRANTEE='''root''@''%''' AND PRIVILEGE_TYPE='EVENT'
2024-03-26T02:40:34.737413Z	  550 Query	SELECT `PRIVILEGE_TYPE` FROM `INFORMATION_SCHEMA`.`USER_PRIVILEGES` WHERE GRANTEE='''root''@''%''' AND PRIVILEGE_TYPE='TRIGGER'
2024-03-26T02:40:34.738242Z	  551 Quit	
2024-03-26T02:40:34.738263Z	  550 Quit	
2024-03-26T02:41:19.727230Z	  552 Connect	ad_db_ct07@172.21.0.5 on ct07_db using TCP/IP
2024-03-26T02:41:19.727558Z	  552 Query	SELECT  
                            `user_id`, `recipe_id`, `isActive`, `name`, `preparation_time`, `cooking_time`, 
                            `recipe_meal_categories`.`type_name` AS `meal`, 
                            `recipe_method_categories`.`method_name` AS `method`, 
                            `recipe_course_categories`.`type_name` AS `course`,  
                            `image_url`, `directions` AS `direction`, `description`, `timestamp` 
                          FROM `recipes` 
                          LEFT JOIN `recipe_meal_categories` ON `recipes`.`meal` = `recipe_meal_categories`.`id`
                          LEFT JOIN `recipe_method_categories` ON `recipes`.`method` = `recipe_method_categories`.`id`
                          LEFT JOIN `recipe_course_categories` ON `recipes`.`course` = `recipe_course_categories`.`id`  WHERE recipes.recipe_id = '1'
2024-03-26T02:41:19.728586Z	  552 Quit	
2024-03-26T02:41:19.729313Z	  553 Connect	ad_db_ct07@172.21.0.5 on ct07_db using TCP/IP
2024-03-26T02:41:19.729540Z	  553 Query	SELECT 
                                            `ingredients`.`id`, `ingredients`.`name` AS `ingredientName`, 
                                            `quantity`, `ingredient_measurement_unit`.`detail` AS `unit` 
                                          FROM `recipe_ingredient` 
                                          LEFT JOIN `ingredients` ON `recipe_ingredient`.`ingredient_id` = `ingredients`.`id`
                                          LEFT JOIN `ingredient_measurement_unit` ON `ingredients`.`measurement_unit` = `ingredient_measurement_unit`.`id`
                                          WHERE `recipe_ingredient`.`recipe_id` = 1
2024-03-26T02:41:19.729856Z	  553 Quit	
2024-03-26T02:41:19.730394Z	  554 Connect	ad_db_ct07@172.21.0.5 on ct07_db using TCP/IP
2024-03-26T02:41:19.730621Z	  554 Query	SELECT `id`, `type_name` FROM `recipe_course_categories`
2024-03-26T02:41:19.730824Z	  554 Quit	
2024-03-26T02:41:19.731314Z	  555 Connect	ad_db_ct07@172.21.0.5 on ct07_db using TCP/IP
2024-03-26T02:41:19.731507Z	  555 Query	SELECT `id`, `type_name` FROM `recipe_meal_categories`
2024-03-26T02:41:19.731907Z	  555 Quit	
2024-03-26T02:41:19.732389Z	  556 Connect	ad_db_ct07@172.21.0.5 on ct07_db using TCP/IP
2024-03-26T02:41:19.732581Z	  556 Query	SELECT `id`, `method_name` FROM `recipe_method_categories`
2024-03-26T02:41:19.732826Z	  556 Quit	
2024-03-26T02:41:29.118116Z	  557 Connect	ad_db_ct07@172.21.0.5 on ct07_db using TCP/IP
2024-03-26T02:41:29.118413Z	  557 Query	SELECT `id`, `type_name` FROM `recipe_course_categories`
2024-03-26T02:41:29.118679Z	  557 Quit	
2024-03-26T02:41:29.119239Z	  558 Connect	ad_db_ct07@172.21.0.5 on ct07_db using TCP/IP
2024-03-26T02:41:29.119538Z	  558 Query	SELECT `id`, `type_name` FROM `recipe_meal_categories`
2024-03-26T02:41:29.119753Z	  558 Quit	
2024-03-26T02:41:29.120254Z	  559 Connect	ad_db_ct07@172.21.0.5 on ct07_db using TCP/IP
2024-03-26T02:41:29.120432Z	  559 Query	SELECT `id`, `method_name` FROM `recipe_method_categories`
2024-03-26T02:41:29.120633Z	  559 Quit	
2024-03-26T02:41:29.121191Z	  560 Connect	ad_db_ct07@172.21.0.5 on ct07_db using TCP/IP
2024-03-26T02:41:29.121407Z	  560 Query	UPDATE recipes set name = 'Chicken Stir Fry', description = '      Delicious chicken stir fry with mixed vegetab', preparation_time = 15, 
            cooking_time = 11, directions = '1. Marinate chicken with soy sauce and cornstarch.\r\n2. Stir fry chicken until cooked.\r\n3. Add mixed vegetables and stir fry until tender.\r\n4. Serve hot with rice.', course = 1, meal = 1, method = 1  where recipes.recipe_id = 1
2024-03-26T02:41:29.132193Z	  560 Quit	
2024-03-26T02:42:27.487459Z	  561 Connect	ad_db_ct07@172.21.0.5 on ct07_db using TCP/IP
2024-03-26T02:42:27.487849Z	  561 Query	SELECT  
                            `user_id`, `recipe_id`, `isActive`, `name`, `preparation_time`, `cooking_time`, 
                            `recipe_meal_categories`.`type_name` AS `meal`, 
                            `recipe_method_categories`.`method_name` AS `method`, 
                            `recipe_course_categories`.`type_name` AS `course`,  
                            `image_url`, `directions` AS `direction`, `description`, `timestamp` 
                          FROM `recipes` 
                          LEFT JOIN `recipe_meal_categories` ON `recipes`.`meal` = `recipe_meal_categories`.`id`
                          LEFT JOIN `recipe_method_categories` ON `recipes`.`method` = `recipe_method_categories`.`id`
                          LEFT JOIN `recipe_course_categories` ON `recipes`.`course` = `recipe_course_categories`.`id`  WHERE recipes.recipe_id = '1'
2024-03-26T02:42:27.488921Z	  561 Quit	
2024-03-26T02:42:27.489544Z	  562 Connect	ad_db_ct07@172.21.0.5 on ct07_db using TCP/IP
2024-03-26T02:42:27.489773Z	  562 Query	SELECT 
                                            `ingredients`.`id`, `ingredients`.`name` AS `ingredientName`, 
                                            `quantity`, `ingredient_measurement_unit`.`detail` AS `unit` 
                                          FROM `recipe_ingredient` 
                                          LEFT JOIN `ingredients` ON `recipe_ingredient`.`ingredient_id` = `ingredients`.`id`
                                          LEFT JOIN `ingredient_measurement_unit` ON `ingredients`.`measurement_unit` = `ingredient_measurement_unit`.`id`
                                          WHERE `recipe_ingredient`.`recipe_id` = 1
2024-03-26T02:42:27.490112Z	  562 Quit	
2024-03-26T02:42:27.490606Z	  563 Connect	ad_db_ct07@172.21.0.5 on ct07_db using TCP/IP
2024-03-26T02:42:27.490822Z	  563 Query	SELECT `id`, `type_name` FROM `recipe_course_categories`
2024-03-26T02:42:27.491147Z	  563 Quit	
2024-03-26T02:42:27.491637Z	  564 Connect	ad_db_ct07@172.21.0.5 on ct07_db using TCP/IP
2024-03-26T02:42:27.491836Z	  564 Query	SELECT `id`, `type_name` FROM `recipe_meal_categories`
2024-03-26T02:42:27.492004Z	  564 Quit	
2024-03-26T02:42:27.492482Z	  565 Connect	ad_db_ct07@172.21.0.5 on ct07_db using TCP/IP
2024-03-26T02:42:27.492670Z	  565 Query	SELECT `id`, `method_name` FROM `recipe_method_categories`
2024-03-26T02:42:27.492835Z	  565 Quit	
2024-03-26T02:43:14.464992Z	  566 Connect	ad_db_ct07@172.21.0.5 on ct07_db using TCP/IP
2024-03-26T02:43:14.465367Z	  566 Query	SELECT  
                            `user_id`, `recipe_id`, `isActive`, `name`, `preparation_time`, `cooking_time`, 
                            `recipe_meal_categories`.`type_name` AS `meal`, 
                            `recipe_method_categories`.`method_name` AS `method`, 
                            `recipe_course_categories`.`type_name` AS `course`,  
                            `image_url`, `directions` AS `direction`, `description`, `timestamp` 
                          FROM `recipes` 
                          LEFT JOIN `recipe_meal_categories` ON `recipes`.`meal` = `recipe_meal_categories`.`id`
                          LEFT JOIN `recipe_method_categories` ON `recipes`.`method` = `recipe_method_categories`.`id`
                          LEFT JOIN `recipe_course_categories` ON `recipes`.`course` = `recipe_course_categories`.`id`  WHERE recipes.recipe_id = '1'
2024-03-26T02:43:14.466843Z	  566 Quit	
2024-03-26T02:43:14.467405Z	  567 Connect	ad_db_ct07@172.21.0.5 on ct07_db using TCP/IP
2024-03-26T02:43:14.467695Z	  567 Query	SELECT 
                                            `ingredients`.`id`, `ingredients`.`name` AS `ingredientName`, 
                                            `quantity`, `ingredient_measurement_unit`.`detail` AS `unit` 
                                          FROM `recipe_ingredient` 
                                          LEFT JOIN `ingredients` ON `recipe_ingredient`.`ingredient_id` = `ingredients`.`id`
                                          LEFT JOIN `ingredient_measurement_unit` ON `ingredients`.`measurement_unit` = `ingredient_measurement_unit`.`id`
                                          WHERE `recipe_ingredient`.`recipe_id` = 1
2024-03-26T02:43:14.468166Z	  567 Quit	
2024-03-26T02:43:14.468712Z	  568 Connect	ad_db_ct07@172.21.0.5 on ct07_db using TCP/IP
2024-03-26T02:43:14.468934Z	  568 Query	SELECT `id`, `type_name` FROM `recipe_course_categories`
2024-03-26T02:43:14.469189Z	  568 Quit	
2024-03-26T02:43:14.469774Z	  569 Connect	ad_db_ct07@172.21.0.5 on ct07_db using TCP/IP
2024-03-26T02:43:14.469995Z	  569 Query	SELECT `id`, `type_name` FROM `recipe_meal_categories`
2024-03-26T02:43:14.470211Z	  569 Quit	
2024-03-26T02:43:14.470712Z	  570 Connect	ad_db_ct07@172.21.0.5 on ct07_db using TCP/IP
2024-03-26T02:43:14.470910Z	  570 Query	SELECT `id`, `method_name` FROM `recipe_method_categories`
2024-03-26T02:43:14.471117Z	  570 Quit	
2024-03-26T02:46:27.475473Z	  571 Connect	ad_db_ct07@172.21.0.5 on ct07_db using TCP/IP
2024-03-26T02:46:27.475808Z	  571 Query	SELECT `id`, `type_name` FROM `recipe_course_categories`
2024-03-26T02:46:27.476111Z	  571 Quit	
2024-03-26T02:46:27.476775Z	  572 Connect	ad_db_ct07@172.21.0.5 on ct07_db using TCP/IP
2024-03-26T02:46:27.477011Z	  572 Query	SELECT `id`, `type_name` FROM `recipe_meal_categories`
2024-03-26T02:46:27.477238Z	  572 Quit	
2024-03-26T02:46:27.477720Z	  573 Connect	ad_db_ct07@172.21.0.5 on ct07_db using TCP/IP
2024-03-26T02:46:27.477923Z	  573 Query	SELECT `id`, `method_name` FROM `recipe_method_categories`
2024-03-26T02:46:27.478114Z	  573 Quit	
2024-03-26T02:46:27.478642Z	  574 Connect	ad_db_ct07@172.21.0.5 on ct07_db using TCP/IP
2024-03-26T02:46:27.478864Z	  574 Query	UPDATE recipes set name = 'Chicken Stir Fry', description = '       Delicious chicken stir fry with mixed vegetab', preparation_time = 15, 
            cooking_time = 11, directions = '1. Marinate chicken with soy sauce and cornstarch.\r\n2. Stir fry chicken until cooked.\r\n3. Add mixed vegetables and stir fry until tender.\r\n4. Serve hot with rice.', course = 1, meal = 1, method = 1  where recipes.recipe_id = 1
2024-03-26T02:46:27.490928Z	  574 Quit	
2024-03-26T02:52:38.070226Z	  575 Connect	ad_db_ct07@172.21.0.5 on ct07_db using TCP/IP
2024-03-26T02:52:38.070531Z	  575 Query	SELECT `id`, `type_name` FROM `recipe_course_categories`
2024-03-26T02:52:38.070887Z	  575 Quit	
2024-03-26T02:52:38.071413Z	  576 Connect	ad_db_ct07@172.21.0.5 on ct07_db using TCP/IP
2024-03-26T02:52:38.071680Z	  576 Query	SELECT `id`, `type_name` FROM `recipe_meal_categories`
2024-03-26T02:52:38.071917Z	  576 Quit	
2024-03-26T02:52:38.072394Z	  577 Connect	ad_db_ct07@172.21.0.5 on ct07_db using TCP/IP
2024-03-26T02:52:38.072616Z	  577 Query	SELECT `id`, `method_name` FROM `recipe_method_categories`
2024-03-26T02:52:38.072816Z	  577 Quit	
2024-03-26T02:52:38.073306Z	  578 Connect	ad_db_ct07@172.21.0.5 on ct07_db using TCP/IP
2024-03-26T02:52:38.073586Z	  578 Query	UPDATE recipes set name = 'Chicken Stir Fry', description = '       Delicious chicken stir fry with mixed vegetab', preparation_time = 15, 
            cooking_time = 11, directions = '1. Marinate chicken with soy sauce and cornstarch.\r\n2. Stir fry chicken until cooked.\r\n3. Add mixed vegetables and stir fry until tender.\r\n4. Serve hot with rice.', course = 1, meal = 1, method = 1 , image_url = 'e851249b0cf905b8.png' where recipes.recipe_id = 1
2024-03-26T02:52:38.085466Z	  578 Quit	
2024-03-26T02:52:41.383955Z	  579 Connect	ad_db_ct07@172.21.0.5 on ct07_db using TCP/IP
2024-03-26T02:52:41.384296Z	  579 Query	SELECT  
                            `user_id`, `recipe_id`, `isActive`, `name`, `preparation_time`, `cooking_time`, 
                            `recipe_meal_categories`.`type_name` AS `meal`, 
                            `recipe_method_categories`.`method_name` AS `method`, 
                            `recipe_course_categories`.`type_name` AS `course`,  
                            `image_url`, `directions` AS `direction`, `description`, `timestamp` 
                          FROM `recipes` 
                          LEFT JOIN `recipe_meal_categories` ON `recipes`.`meal` = `recipe_meal_categories`.`id`
                          LEFT JOIN `recipe_method_categories` ON `recipes`.`method` = `recipe_method_categories`.`id`
                          LEFT JOIN `recipe_course_categories` ON `recipes`.`course` = `recipe_course_categories`.`id`  WHERE recipes.recipe_id = '1'
2024-03-26T02:52:41.385473Z	  579 Quit	
2024-03-26T02:52:41.386078Z	  580 Connect	ad_db_ct07@172.21.0.5 on ct07_db using TCP/IP
2024-03-26T02:52:41.386340Z	  580 Query	SELECT 
                                            `ingredients`.`id`, `ingredients`.`name` AS `ingredientName`, 
                                            `quantity`, `ingredient_measurement_unit`.`detail` AS `unit` 
                                          FROM `recipe_ingredient` 
                                          LEFT JOIN `ingredients` ON `recipe_ingredient`.`ingredient_id` = `ingredients`.`id`
                                          LEFT JOIN `ingredient_measurement_unit` ON `ingredients`.`measurement_unit` = `ingredient_measurement_unit`.`id`
                                          WHERE `recipe_ingredient`.`recipe_id` = 1
2024-03-26T02:52:41.386673Z	  580 Quit	
2024-03-26T02:52:41.387176Z	  581 Connect	ad_db_ct07@172.21.0.5 on ct07_db using TCP/IP
2024-03-26T02:52:41.387385Z	  581 Query	SELECT `id`, `type_name` FROM `recipe_course_categories`
2024-03-26T02:52:41.387636Z	  581 Quit	
2024-03-26T02:52:41.388111Z	  582 Connect	ad_db_ct07@172.21.0.5 on ct07_db using TCP/IP
2024-03-26T02:52:41.388351Z	  582 Query	SELECT `id`, `type_name` FROM `recipe_meal_categories`
2024-03-26T02:52:41.388588Z	  582 Quit	
2024-03-26T02:52:41.389073Z	  583 Connect	ad_db_ct07@172.21.0.5 on ct07_db using TCP/IP
2024-03-26T02:52:41.389337Z	  583 Query	SELECT `id`, `method_name` FROM `recipe_method_categories`
2024-03-26T02:52:41.389606Z	  583 Quit	
2024-03-26T02:52:43.469605Z	  584 Connect	ad_db_ct07@172.21.0.5 on ct07_db using TCP/IP
2024-03-26T02:52:43.470047Z	  584 Query	SELECT  
                            `user_id`, `recipe_id`, `isActive`, `name`, `preparation_time`, `cooking_time`, 
                            `recipe_meal_categories`.`type_name` AS `meal`, 
                            `recipe_method_categories`.`method_name` AS `method`, 
                            `recipe_course_categories`.`type_name` AS `course`,  
                            `image_url`, `directions` AS `direction`, `description`, `timestamp` 
                          FROM `recipes` 
                          LEFT JOIN `recipe_meal_categories` ON `recipes`.`meal` = `recipe_meal_categories`.`id`
                          LEFT JOIN `recipe_method_categories` ON `recipes`.`method` = `recipe_method_categories`.`id`
                          LEFT JOIN `recipe_course_categories` ON `recipes`.`course` = `recipe_course_categories`.`id`  WHERE recipes.isActive = 1 limit 12 offset 0
2024-03-26T02:52:43.470918Z	  584 Quit	
